Determining if the pthread_create exist failed with the following output:
Change Dir: /home/arvr/Desktop/ViewAndTime/build/CMakeFiles/CMakeTmp

Run Build Command:"/usr/bin/make" "cmTC_9d85c/fast"
/usr/bin/make -f CMakeFiles/cmTC_9d85c.dir/build.make CMakeFiles/cmTC_9d85c.dir/build
make[1]: Entering directory '/home/arvr/Desktop/ViewAndTime/build/CMakeFiles/CMakeTmp'
Building C object CMakeFiles/cmTC_9d85c.dir/CheckSymbolExists.c.o
/usr/bin/cc    -fPIC    -o CMakeFiles/cmTC_9d85c.dir/CheckSymbolExists.c.o   -c /home/arvr/Desktop/ViewAndTime/build/CMakeFiles/CMakeTmp/CheckSymbolExists.c
Linking C executable cmTC_9d85c
/usr/bin/cmake -E cmake_link_script CMakeFiles/cmTC_9d85c.dir/link.txt --verbose=1
/usr/bin/cc  -fPIC     CMakeFiles/cmTC_9d85c.dir/CheckSymbolExists.c.o  -o cmTC_9d85c -rdynamic 
CMakeFiles/cmTC_9d85c.dir/CheckSymbolExists.c.o: In function `main':
CheckSymbolExists.c:(.text+0x1b): undefined reference to `pthread_create'
collect2: error: ld returned 1 exit status
CMakeFiles/cmTC_9d85c.dir/build.make:97: recipe for target 'cmTC_9d85c' failed
make[1]: *** [cmTC_9d85c] Error 1
make[1]: Leaving directory '/home/arvr/Desktop/ViewAndTime/build/CMakeFiles/CMakeTmp'
Makefile:126: recipe for target 'cmTC_9d85c/fast' failed
make: *** [cmTC_9d85c/fast] Error 2

File /home/arvr/Desktop/ViewAndTime/build/CMakeFiles/CMakeTmp/CheckSymbolExists.c:
/* */
#include <pthread.h>

int main(int argc, char** argv)
{
  (void)argv;
#ifndef pthread_create
  return ((int*)(&pthread_create))[argc];
#else
  (void)argc;
  return 0;
#endif
}

Determining if the function pthread_create exists in the pthreads failed with the following output:
Change Dir: /home/arvr/Desktop/ViewAndTime/build/CMakeFiles/CMakeTmp

Run Build Command:"/usr/bin/make" "cmTC_416e7/fast"
/usr/bin/make -f CMakeFiles/cmTC_416e7.dir/build.make CMakeFiles/cmTC_416e7.dir/build
make[1]: Entering directory '/home/arvr/Desktop/ViewAndTime/build/CMakeFiles/CMakeTmp'
Building C object CMakeFiles/cmTC_416e7.dir/CheckFunctionExists.c.o
/usr/bin/cc    -fPIC -DCHECK_FUNCTION_EXISTS=pthread_create   -o CMakeFiles/cmTC_416e7.dir/CheckFunctionExists.c.o   -c /usr/share/cmake-3.5/Modules/CheckFunctionExists.c
Linking C executable cmTC_416e7
/usr/bin/cmake -E cmake_link_script CMakeFiles/cmTC_416e7.dir/link.txt --verbose=1
/usr/bin/cc  -fPIC -DCHECK_FUNCTION_EXISTS=pthread_create    CMakeFiles/cmTC_416e7.dir/CheckFunctionExists.c.o  -o cmTC_416e7 -rdynamic -lpthreads 
/usr/bin/ld: cannot find -lpthreads
collect2: error: ld returned 1 exit status
CMakeFiles/cmTC_416e7.dir/build.make:97: recipe for target 'cmTC_416e7' failed
make[1]: *** [cmTC_416e7] Error 1
make[1]: Leaving directory '/home/arvr/Desktop/ViewAndTime/build/CMakeFiles/CMakeTmp'
Makefile:126: recipe for target 'cmTC_416e7/fast' failed
make: *** [cmTC_416e7/fast] Error 2


